<?xml version="1.0" encoding="UTF-8"?>
<!-- Generated by org.testng.reporters.JUnitReportReporter -->
<testsuite hostname="DESKTOP-5690C3M" failures="0" tests="1" name="SeleniumRivision.SeleniumRivision.CommandLineParameterTest" time="0.030" errors="0" timestamp="2023-11-11T09:58:28 IST" skipped="0">
  <testcase classname="SeleniumRivision.SeleniumRivision.CommandLineParameterTest" name="parameterByCmd" time="0.030"/>
</testsuite> <!-- SeleniumRivision.SeleniumRivision.CommandLineParameterTest -->
