<?xml version="1.0" encoding="UTF-8"?>
<!-- Generated by org.testng.reporters.JUnitReportReporter -->
<testsuite hostname="DESKTOP-5690C3M" failures="0" tests="1" name="SeleniumRivision.SeleniumRivision.MavenCommandLineExecutionTest" time="32.522" errors="0" timestamp="2023-11-11T10:10:55 IST" skipped="0">
  <testcase classname="SeleniumRivision.SeleniumRivision.MavenCommandLineExecutionTest" name="parameterFromCmd" time="32.522"/>
</testsuite> <!-- SeleniumRivision.SeleniumRivision.MavenCommandLineExecutionTest -->
